Build started 12/09/2016 11:47:21 AM.
     1>Project "c:\Users\reesst\documents\visual studio 2010\Projects\openCV_Cam\openCV_Cam\openCV_Cam.vcxproj" on node 2 (build target(s)).
     1>PrepareForBuild:
         Creating directory "c:\users\reesst\documents\visual studio 2010\Projects\openCV_Cam\Debug\".
       InitializeBuildStatus:
         Creating "Debug\openCV_Cam.unsuccessfulbuild" because "AlwaysCreate" was specified.
       ClCompile:
         C:\Program Files (x86)\Microsoft Visual Studio 10.0\VC\bin\CL.exe /c /ZI /nologo /W3 /WX- /Od /Oy- /D _MBCS /Gm /EHsc /RTC1 /MDd /GS /fp:precise /Zc:wchar_t /Zc:forScope /Fo"Debug\\" /Fd"Debug\vc100.pdb" /Gd /TP /analyze- /errorReport:prompt AppOpenCVCam.cpp
         AppOpenCVCam.cpp
       Link:
         C:\Program Files (x86)\Microsoft Visual Studio 10.0\VC\bin\link.exe /ERRORREPORT:PROMPT /OUT:"c:\users\reesst\documents\visual studio 2010\Projects\openCV_Cam\Debug\openCV_Cam.exe" /NOLOGO kernel32.lib user32.lib gdi32.lib winspool.lib comdlg32.lib advapi32.lib shell32.lib ole32.lib oleaut32.lib uuid.lib odbc32.lib odbccp32.lib /MANIFEST /ManifestFile:"Debug\openCV_Cam.exe.intermediate.manifest" /MANIFESTUAC:"level='asInvoker' uiAccess='false'" /DEBUG /PDB:"c:\users\reesst\documents\visual studio 2010\Projects\openCV_Cam\Debug\openCV_Cam.pdb" /TLBID:1 /DYNAMICBASE /NXCOMPAT /IMPLIB:"c:\users\reesst\documents\visual studio 2010\Projects\openCV_Cam\Debug\openCV_Cam.lib" /MACHINE:X86 Debug\AppOpenCVCam.obj
     1>AppOpenCVCam.obj : error LNK2019: unresolved external symbol "public: virtual __thiscall cv::VideoCapture::~VideoCapture(void)" (??1VideoCapture@cv@@UAE@XZ) referenced in function _main
     1>AppOpenCVCam.obj : error LNK2019: unresolved external symbol "int __cdecl cv::waitKey(int)" (?waitKey@cv@@YAHH@Z) referenced in function _main
     1>AppOpenCVCam.obj : error LNK2019: unresolved external symbol "void __cdecl cv::imshow(class std::basic_string<char,struct std::char_traits<char>,class std::allocator<char> > const &,class cv::_InputArray const &)" (?imshow@cv@@YAXABV?$basic_string@DU?$char_traits@D@std@@V?$allocator@D@2@@std@@ABV_InputArray@1@@Z) referenced in function _main
     1>AppOpenCVCam.obj : error LNK2019: unresolved external symbol "public: __thiscall cv::_InputArray::_InputArray(class cv::Mat const &)" (??0_InputArray@cv@@QAE@ABVMat@1@@Z) referenced in function _main
     1>AppOpenCVCam.obj : error LNK2019: unresolved external symbol "public: virtual bool __thiscall cv::VideoCapture::read(class cv::Mat &)" (?read@VideoCapture@cv@@UAE_NAAVMat@2@@Z) referenced in function _main
     1>AppOpenCVCam.obj : error LNK2019: unresolved external symbol "public: virtual bool __thiscall cv::VideoCapture::isOpened(void)const " (?isOpened@VideoCapture@cv@@UBE_NXZ) referenced in function _main
     1>AppOpenCVCam.obj : error LNK2019: unresolved external symbol "public: __thiscall cv::VideoCapture::VideoCapture(int)" (??0VideoCapture@cv@@QAE@H@Z) referenced in function _main
     1>AppOpenCVCam.obj : error LNK2019: unresolved external symbol "void __cdecl cv::fastFree(void *)" (?fastFree@cv@@YAXPAX@Z) referenced in function "public: __thiscall cv::Mat::~Mat(void)" (??1Mat@cv@@QAE@XZ)
     1>AppOpenCVCam.obj : error LNK2019: unresolved external symbol "public: void __thiscall cv::Mat::deallocate(void)" (?deallocate@Mat@cv@@QAEXXZ) referenced in function "public: void __thiscall cv::Mat::release(void)" (?release@Mat@cv@@QAEXXZ)
     1>AppOpenCVCam.obj : error LNK2019: unresolved external symbol "int __cdecl cv::_interlockedExchangeAdd(int *,int)" (?_interlockedExchangeAdd@cv@@YAHPAHH@Z) referenced in function "public: void __thiscall cv::Mat::release(void)" (?release@Mat@cv@@QAEXXZ)
     1>c:\users\reesst\documents\visual studio 2010\Projects\openCV_Cam\Debug\openCV_Cam.exe : fatal error LNK1120: 10 unresolved externals
     1>Done Building Project "c:\Users\reesst\documents\visual studio 2010\Projects\openCV_Cam\openCV_Cam\openCV_Cam.vcxproj" (build target(s)) -- FAILED.

Build FAILED.

Time Elapsed 00:00:10.85
