Build started 27/07/2017 9:07:24 AM.
     1>Project "C:\Users\reesst\Documents\Visual Studio 2010\Projects\openCV_Cam\openCV_Cam\openCV_Cam.vcxproj" on node 2 (build target(s)).
     1>InitializeBuildStatus:
         Creating "Release\openCV_Cam.unsuccessfulbuild" because "AlwaysCreate" was specified.
       ClCompile:
         C:\Program Files (x86)\Microsoft Visual Studio 10.0\VC\bin\CL.exe /c /Zi /nologo /W3 /WX- /O2 /Oi /Oy- /GL /D _MBCS /Gm- /EHsc /MD /GS /Gy /fp:precise /Zc:wchar_t /Zc:forScope /Fo"Release\\" /Fd"Release\vc100.pdb" /Gd /TP /analyze- /errorReport:prompt AppOpenCVCamBasic.cpp
         AppOpenCVCamBasic.cpp
       Link:
         C:\Program Files (x86)\Microsoft Visual Studio 10.0\VC\bin\link.exe /ERRORREPORT:PROMPT /OUT:"C:\Users\reesst\Documents\Visual Studio 2010\Projects\openCV_Cam\Release\openCV_Cam.exe" /NOLOGO cv210.lib cxcore210.lib highgui210.lib kernel32.lib user32.lib gdi32.lib winspool.lib comdlg32.lib advapi32.lib shell32.lib ole32.lib oleaut32.lib uuid.lib odbc32.lib odbccp32.lib kernel32.lib user32.lib gdi32.lib winspool.lib comdlg32.lib advapi32.lib shell32.lib ole32.lib oleaut32.lib uuid.lib odbc32.lib odbccp32.lib /MANIFEST /ManifestFile:"Release\openCV_Cam.exe.intermediate.manifest" /MANIFESTUAC:"level='asInvoker' uiAccess='false'" /DEBUG /PDB:"C:\Users\reesst\Documents\Visual Studio 2010\Projects\openCV_Cam\Release\openCV_Cam.pdb" /OPT:REF /OPT:ICF /LTCG /TLBID:1 /DYNAMICBASE /NXCOMPAT /IMPLIB:"C:\Users\reesst\Documents\Visual Studio 2010\Projects\openCV_Cam\Release\openCV_Cam.lib" /MACHINE:X86 Release\AppOpenCVCamBasic.obj
         Generating code
         Finished generating code
         openCV_Cam.vcxproj -> C:\Users\reesst\Documents\Visual Studio 2010\Projects\openCV_Cam\Release\openCV_Cam.exe
       Manifest:
         C:\Program Files (x86)\Microsoft SDKs\Windows\v7.0A\bin\mt.exe /nologo /verbose /outputresource:"C:\Users\reesst\Documents\Visual Studio 2010\Projects\openCV_Cam\Release\openCV_Cam.exe;#1" /manifest Release\openCV_Cam.exe.intermediate.manifest
       FinalizeBuildStatus:
         Deleting file "Release\openCV_Cam.unsuccessfulbuild".
         Touching "Release\openCV_Cam.lastbuildstate".
     1>Done Building Project "C:\Users\reesst\Documents\Visual Studio 2010\Projects\openCV_Cam\openCV_Cam\openCV_Cam.vcxproj" (build target(s)).

Build succeeded.

Time Elapsed 00:00:04.77
